<?xml version="1.0" encoding="UTF-8"?>
<!-- Generated by org.testng.reporters.JUnitReportReporter -->
<testsuite skipped="1" hostname="Srikanth-PC" name="TestNG.TestingTestNG2" tests="3" failures="0" timestamp="14 Jun 2019 12:41:35 GMT" time="0.042" errors="0">
  <testcase name="tc300" time="0.010" classname="TestNG.TestingTestNG2"/>
  <testcase name="tc100" time="0.032" classname="TestNG.TestingTestNG2"/>
  <testcase name="tc1200" classname="TestNG.TestingTestNG2">
    <skipped/>
  </testcase> <!-- tc1200 -->
</testsuite> <!-- TestNG.TestingTestNG2 -->
