<?xml version="1.0" encoding="UTF-8"?>
<!-- Generated by org.testng.reporters.JUnitReportReporter -->
<testsuite skipped="1" hostname="Srikanth-PC" name="TestNG.TestingTestNG" tests="3" failures="0" timestamp="14 Jun 2019 12:41:35 GMT" time="0.016" errors="0">
  <testcase name="tc3" time="0.016" classname="TestNG.TestingTestNG"/>
  <testcase name="tc1" time="0.000" classname="TestNG.TestingTestNG"/>
  <testcase name="tc2" classname="TestNG.TestingTestNG">
    <skipped/>
  </testcase> <!-- tc2 -->
</testsuite> <!-- TestNG.TestingTestNG -->
